<?xml version="1.0" encoding="UTF-8"?>
<!-- Generated by org.testng.reporters.JUnitXMLReporter -->
<testsuite hostname="DESKTOP-L9KBNQS" ignored="0" name="Test" tests="6" failures="0" timestamp="01 may 2020 01:10:14 GMT" time="0.059" errors="0">
  <testcase name="deleteTwiter" time="0.013" classname="qaclickacademy.APITest"/>
  <testcase name="postJira" time="0.001" classname="qaclickacademy.APITest"/>
  <testcase name="BrowserAutomation" time="0.001" classname="qaclickacademy.SeleniumTest"/>
  <testcase name="elemntsUI" time="0.002" classname="qaclickacademy.SeleniumTest"/>
  <testcase name="IOSApps" time="0.001" classname="qaclickacademy.AppiumTest"/>
  <testcase name="NativeAppAndroid" time="0.0" classname="qaclickacademy.AppiumTest"/>
</testsuite> <!-- Test -->
