<?xml version="1.0" encoding="UTF-8"?>
<testng-results skipped="0" failed="0" ignored="0" total="6" passed="6">
  <reporter-output>
  </reporter-output>
  <suite name="Suite" duration-ms="59" started-at="2020-05-01T01:10:13Z" finished-at="2020-05-01T01:10:13Z">
    <groups>
    </groups>
    <test name="Test" duration-ms="59" started-at="2020-05-01T01:10:13Z" finished-at="2020-05-01T01:10:13Z">
      <class name="qaclickacademy.AppiumTest">
        <test-method status="PASS" signature="IOSApps()[pri:0, instance:qaclickacademy.AppiumTest@531be3c5]" name="IOSApps" duration-ms="1" started-at="2020-04-30T20:10:13Z" finished-at="2020-04-30T20:10:13Z">
          <reporter-output>
          </reporter-output>
        </test-method> <!-- IOSApps -->
        <test-method status="PASS" signature="NativeAppAndroid()[pri:0, instance:qaclickacademy.AppiumTest@531be3c5]" name="NativeAppAndroid" duration-ms="0" started-at="2020-04-30T20:10:13Z" finished-at="2020-04-30T20:10:13Z">
          <reporter-output>
          </reporter-output>
        </test-method> <!-- NativeAppAndroid -->
      </class> <!-- qaclickacademy.AppiumTest -->
      <class name="qaclickacademy.APITest">
        <test-method status="PASS" signature="deleteTwiter()[pri:0, instance:qaclickacademy.APITest@54a097cc]" name="deleteTwiter" duration-ms="13" started-at="2020-04-30T20:10:13Z" finished-at="2020-04-30T20:10:13Z">
          <reporter-output>
          </reporter-output>
        </test-method> <!-- deleteTwiter -->
        <test-method status="PASS" signature="postJira()[pri:0, instance:qaclickacademy.APITest@54a097cc]" name="postJira" duration-ms="1" started-at="2020-04-30T20:10:13Z" finished-at="2020-04-30T20:10:13Z">
          <reporter-output>
          </reporter-output>
        </test-method> <!-- postJira -->
      </class> <!-- qaclickacademy.APITest -->
      <class name="qaclickacademy.SeleniumTest">
        <test-method status="PASS" signature="BrowserAutomation()[pri:0, instance:qaclickacademy.SeleniumTest@3551a94]" name="BrowserAutomation" duration-ms="1" started-at="2020-04-30T20:10:13Z" finished-at="2020-04-30T20:10:13Z">
          <reporter-output>
          </reporter-output>
        </test-method> <!-- BrowserAutomation -->
        <test-method status="PASS" signature="elemntsUI()[pri:0, instance:qaclickacademy.SeleniumTest@3551a94]" name="elemntsUI" duration-ms="2" started-at="2020-04-30T20:10:13Z" finished-at="2020-04-30T20:10:13Z">
          <reporter-output>
          </reporter-output>
        </test-method> <!-- elemntsUI -->
      </class> <!-- qaclickacademy.SeleniumTest -->
    </test> <!-- Test -->
  </suite> <!-- Suite -->
</testng-results>
